2021-02-25 20:26:30 DEBUG - Appel @BeforeClass
2021-02-25 20:26:36 DEBUG - Appel @Test
2021-02-25 20:26:38 DEBUG - Appel @AfterClass
2021-02-25 20:27:12 DEBUG - Appel @BeforeClass
2021-02-25 20:27:19 DEBUG - Appel @Test
2021-02-25 20:27:22 DEBUG - Appel @AfterClass
2021-02-25 20:29:02 DEBUG - Configuration log4j2.properties
2021-02-25 20:29:07 DEBUG - Configuration webdriver
2021-02-25 20:29:07 DEBUG - Appel @Test
2021-02-25 20:29:10 DEBUG - login Non OK
2021-02-25 20:29:10 DEBUG - login Non OK
2021-02-25 20:29:10 DEBUG - Close webdriver
2021-02-25 20:30:17 DEBUG - Configuration log4j2.properties
2021-02-25 20:30:23 DEBUG - Configuration webdriver
2021-02-25 20:30:23 DEBUG - Appel https://demoqa.com/login
2021-02-25 20:30:25 DEBUG - login OK
2021-02-25 20:30:25 DEBUG - login Non OK
2021-02-25 20:30:25 DEBUG - Close webdriver
2021-02-25 20:31:45 DEBUG - Configuration log4j2.properties
2021-02-25 20:31:51 DEBUG - Configuration webdriver
2021-02-25 20:31:51 DEBUG - Appel https://demoqa.com/login
2021-02-25 20:31:54 DEBUG - Close webdriver
2021-02-26 11:21:36 DEBUG - Configuration webdriver
2021-02-26 11:21:36 DEBUG - Appel https://demoqa.com/login
2021-02-26 11:21:39 DEBUG - Close webdriver
2021-02-26 11:24:55 DEBUG - Configuration webdriver
2021-02-26 11:24:55 DEBUG - Appel https://demoqa.com/login
2021-02-26 11:24:57 DEBUG - Close webdriver
2021-02-26 13:35:33 DEBUG - Configuration webdriver
2021-02-26 13:35:33 DEBUG - Appel https://demoqa.com/login
2021-02-26 13:35:35 DEBUG - Close webdriver
2021-02-26 13:40:07 DEBUG - Configuration webdriver
2021-02-26 13:40:07 DEBUG - Appel https://demoqa.com/login
2021-02-26 13:40:10 DEBUG - Close webdriver
2021-02-26 14:44:14 DEBUG - Configuration webdriver
2021-02-26 14:44:14 DEBUG - Appel https://demoqa.com/login
2021-02-26 14:44:17 DEBUG - Close webdriver
2021-02-28 16:58:55 DEBUG - Configuration webdriver
2021-02-28 16:58:55 DEBUG - Appel https://demoqa.com/login
2021-02-28 16:58:57 DEBUG - Close webdriver
2021-02-28 17:16:00 DEBUG - Configuration webdriver
2021-02-28 17:16:00 DEBUG - Appel https://demoqa.com/login
2021-02-28 17:16:02 DEBUG - Close webdriver
2021-02-28 17:30:41 DEBUG - Configuration webdriver
2021-02-28 17:30:41 DEBUG - Appel https://demoqa.com/login
2021-02-28 17:30:43 DEBUG - Close webdriver
2021-02-28 17:35:54 DEBUG - Configuration webdriver
2021-02-28 17:35:54 DEBUG - Appel https://demoqa.com/login
2021-02-28 17:35:57 DEBUG - Close webdriver
2021-02-28 17:56:30 DEBUG - Configuration webdriver
2021-02-28 17:56:30 DEBUG - Appel PageDemo
2021-02-28 17:56:33 DEBUG - Close webdriver
2021-02-28 17:58:39 DEBUG - Configuration webdriver
2021-02-28 17:58:39 DEBUG - Appel PageDemo
2021-02-28 17:58:42 DEBUG - Appel Pageregister
2021-02-28 17:58:44 DEBUG - Close webdriver
2021-02-28 18:01:23 DEBUG - Configuration webdriver
2021-02-28 18:01:23 DEBUG - Appel PageDemo
2021-02-28 18:01:26 DEBUG - Saisir login/pwd
2021-02-28 18:01:26 DEBUG - Vérification login/pwd
2021-02-28 18:01:26 DEBUG - Appel Pageregister
2021-02-28 18:01:26 DEBUG - Appel clicknewUser
2021-02-28 18:01:28 DEBUG - Close webdriver
2021-02-28 18:03:24 DEBUG - Configuration webdriver
2021-02-28 18:03:24 DEBUG - Appel PageDemo
2021-02-28 18:03:26 DEBUG - Saisir login/pwd
2021-02-28 18:03:27 DEBUG - Close webdriver
2021-03-15 13:18:56 DEBUG - Configuration webdriver
2021-03-15 13:18:56 DEBUG - Appel PageDemo
2021-03-15 13:18:58 DEBUG - Saisir login/pwd
2021-03-15 13:18:58 DEBUG - Vérification login/pwd
2021-03-15 13:18:58 DEBUG - Appel Pageregister
2021-03-15 13:18:59 DEBUG - Appel clicknewUser
2021-03-15 13:19:00 DEBUG - Close webdriver
2021-03-15 13:27:48 DEBUG - Configuration webdriver
2021-03-15 13:27:48 DEBUG - Appel PageDemo
2021-03-15 13:27:51 DEBUG - Saisir login/pwd
2021-03-15 13:27:51 DEBUG - Vérification login/pwd
2021-03-15 13:27:51 DEBUG - Appel Pageregister
2021-03-15 13:27:51 DEBUG - Appel clicknewUser
2021-03-15 13:27:52 DEBUG - Close webdriver
2021-03-15 13:58:17 DEBUG - Configuration webdriver
2021-03-15 13:58:17 DEBUG - Appel PageDemo
2021-03-15 13:58:19 DEBUG - Saisir login/pwd
2021-03-15 13:58:19 DEBUG - Vérification login/pwd
2021-03-15 13:58:19 DEBUG - Appel Pageregister
2021-03-15 13:58:19 DEBUG - Appel clicknewUser
2021-03-15 13:58:21 DEBUG - Close webdriver
2021-03-15 15:40:42 DEBUG - Configuration webdriver
2021-03-15 15:40:42 DEBUG - Appel PageDemo
2021-03-15 15:40:45 DEBUG - Saisir login/pwd
2021-03-15 15:40:45 DEBUG - Vérification login/pwd
2021-03-15 15:40:45 DEBUG - Appel Pageregister
2021-03-15 15:40:45 DEBUG - Appel clicknewUser
2021-03-15 15:40:47 DEBUG - Close webdriver
2021-03-15 15:42:07 DEBUG - Configuration webdriver
2021-03-15 15:42:07 DEBUG - Appel PageDemo
2021-03-15 15:42:09 DEBUG - Saisir login/pwd
2021-03-15 15:42:09 DEBUG - Vérification login/pwd
2021-03-15 15:42:09 DEBUG - Appel Pageregister
2021-03-15 15:42:10 DEBUG - Appel clicknewUser
2021-03-15 15:42:11 DEBUG - Close webdriver
2021-03-15 15:42:35 DEBUG - Configuration webdriver
2021-03-15 15:42:35 DEBUG - Appel PageDemo
2021-03-15 15:42:37 DEBUG - Saisir login/pwd
2021-03-15 15:42:37 DEBUG - Vérification login/pwd
2021-03-15 15:42:37 DEBUG - Appel Pageregister
2021-03-15 15:42:37 DEBUG - Appel clicknewUser
2021-03-15 15:42:39 DEBUG - Close webdriver
2021-03-16 09:29:23 DEBUG - Configuration webdriver
2021-03-16 09:29:23 DEBUG - Appel PageDemo
2021-03-16 09:29:25 DEBUG - Saisir login/pwd
2021-03-16 09:29:26 DEBUG - Vérification login/pwd
2021-03-16 09:29:26 DEBUG - Appel Pageregister
2021-03-16 09:29:26 DEBUG - Appel clicknewUser
2021-03-16 09:29:27 DEBUG - Close webdriver
2021-03-16 09:33:34 DEBUG - Configuration webdriver
2021-03-16 09:33:34 DEBUG - Appel PageDemo
2021-03-16 09:33:36 DEBUG - Saisir login/pwd
2021-03-16 09:33:36 DEBUG - Vérification login/pwd
2021-03-16 09:33:36 DEBUG - Appel Pageregister
2021-03-16 09:33:37 DEBUG - Appel clicknewUser
2021-03-16 09:33:38 DEBUG - Close webdriver
2021-03-16 10:04:17 DEBUG - Configuration webdriver
2021-03-16 10:04:17 DEBUG - Appel PageDemo
2021-03-16 10:04:19 DEBUG - Saisir login/pwd
2021-03-16 10:04:20 DEBUG - Vérification login/pwd
2021-03-16 10:04:20 DEBUG - Appel Pageregister
2021-03-16 10:04:20 DEBUG - Appel clicknewUser
2021-03-16 10:04:22 DEBUG - Close webdriver
2021-03-16 11:38:52 DEBUG - Configuration webdriver
2021-03-16 11:38:52 DEBUG - Appel PageDemo
2021-03-16 11:38:54 DEBUG - Saisir login/pwd
2021-03-16 11:38:55 DEBUG - Vérification login/pwd
2021-03-16 11:38:55 DEBUG - Appel Pageregister
2021-03-16 11:38:55 DEBUG - Appel clicknewUser
2021-03-16 11:38:56 DEBUG - Close webdriver
2021-03-16 11:39:05 DEBUG - Configuration webdriver
2021-03-16 11:39:05 DEBUG - Appel PageDemo
2021-03-16 11:39:07 DEBUG - Saisir login/pwd
2021-03-16 11:39:07 DEBUG - Vérification login/pwd
2021-03-16 11:39:07 DEBUG - Appel Pageregister
2021-03-16 11:39:08 DEBUG - Appel clicknewUser
2021-03-16 11:39:09 DEBUG - Close webdriver
2021-03-16 11:50:35 DEBUG - Configuration webdriver
2021-03-16 11:50:35 DEBUG - Appel PageDemo
2021-03-16 11:50:37 DEBUG - Saisir login/pwd
2021-03-16 11:50:37 DEBUG - Vérification login/pwd
2021-03-16 11:50:37 DEBUG - Appel Pageregister
2021-03-16 11:50:38 DEBUG - Appel clicknewUser
2021-03-16 11:50:39 DEBUG - Close webdriver
2021-03-20 04:52:31 DEBUG - Configuration webdriver
2021-03-20 04:52:31 DEBUG - Appel PageDemo
2021-03-20 04:52:33 DEBUG - Saisir login/pwd
2021-03-20 04:52:34 DEBUG - Vérification login/pwd
2021-03-20 04:52:34 DEBUG - Appel Pageregister
2021-03-20 04:52:34 DEBUG - Appel clicknewUser
2021-03-20 04:52:35 DEBUG - Close webdriver
2021-03-22 10:55:06 DEBUG - Configuration webdriver
2021-03-22 10:55:06 DEBUG - Appel PageDemo
2021-03-22 10:55:09 DEBUG - Saisir login/pwd
2021-03-22 10:55:09 DEBUG - Vérification login/pwd
2021-03-22 10:55:09 DEBUG - Appel Pageregister
2021-03-22 10:55:09 DEBUG - Appel clicknewUser
2021-03-22 10:55:11 DEBUG - Close webdriver
2021-03-22 21:54:56 DEBUG - Configuration webdriver
2021-03-22 21:54:56 DEBUG - Appel PageDemo
2021-03-22 21:54:59 DEBUG - Saisir login/pwd
2021-03-22 21:54:59 DEBUG - Vérification login/pwd
2021-03-22 21:54:59 DEBUG - Appel Pageregister
2021-03-22 21:54:59 DEBUG - Appel clicknewUser
2021-03-22 21:55:00 DEBUG - Close webdriver
2021-03-22 21:55:11 DEBUG - Configuration webdriver
2021-03-22 21:55:11 DEBUG - Appel PageDemo
2021-03-22 21:55:13 DEBUG - Saisir login/pwd
2021-03-22 21:55:13 DEBUG - Vérification login/pwd
2021-03-22 21:55:13 DEBUG - Appel Pageregister
2021-03-22 21:55:14 DEBUG - Appel clicknewUser
2021-03-22 21:55:15 DEBUG - Close webdriver
2021-03-28 16:52:56 DEBUG - Configuration webdriver
2021-03-28 16:52:56 DEBUG - Appel PageDemo
2021-03-28 16:52:59 DEBUG - Saisir login/pwd
2021-03-28 16:52:59 DEBUG - Vérification login/pwd
2021-03-28 16:52:59 DEBUG - Appel Pageregister
2021-03-28 16:52:59 DEBUG - Appel clicknewUser
2021-03-28 16:53:01 DEBUG - Close webdriver
